<?xml version="1.0" encoding="UTF-8"?>
<testsuite xmlns:xsi="http://www.w3.org/2001/XMLSchema-instance" xsi:noNamespaceSchemaLocation="https://maven.apache.org/surefire/maven-surefire-plugin/xsd/surefire-test-report.xsd" name="learn.tut.Web2Test" time="7.753" tests="3" errors="0" skipped="0" failures="0">
  <properties>
    <property name="sun.desktop" value="gnome"/>
    <property name="awt.toolkit" value="sun.awt.X11.XToolkit"/>
    <property name="java.specification.version" value="11"/>
    <property name="sun.cpu.isalist" value=""/>
    <property name="sun.jnu.encoding" value="UTF-8"/>
    <property name="java.class.path" value="/home/zubbyik/dev/testing-projects/gradle/java_groovy/target/test-classes:/home/zubbyik/dev/testing-projects/gradle/java_groovy/target/classes:/home/zubbyik/.m2/repository/com/microsoft/playwright/playwright/1.9.0-alpha-0/playwright-1.9.0-alpha-0.jar:/home/zubbyik/.m2/repository/com/google/code/gson/gson/2.8.6/gson-2.8.6.jar:/home/zubbyik/.m2/repository/org/java-websocket/Java-WebSocket/1.5.1/Java-WebSocket-1.5.1.jar:/home/zubbyik/.m2/repository/org/slf4j/slf4j-api/1.7.25/slf4j-api-1.7.25.jar:/home/zubbyik/.m2/repository/com/microsoft/playwright/driver/1.9.0-alpha-0/driver-1.9.0-alpha-0.jar:/home/zubbyik/.m2/repository/com/microsoft/playwright/driver-bundle/1.9.0-alpha-0/driver-bundle-1.9.0-alpha-0.jar:/home/zubbyik/.m2/repository/org/junit/jupiter/junit-jupiter-api/5.7.2/junit-jupiter-api-5.7.2.jar:/home/zubbyik/.m2/repository/org/apiguardian/apiguardian-api/1.1.0/apiguardian-api-1.1.0.jar:/home/zubbyik/.m2/repository/org/opentest4j/opentest4j/1.2.0/opentest4j-1.2.0.jar:/home/zubbyik/.m2/repository/org/junit/platform/junit-platform-commons/1.7.2/junit-platform-commons-1.7.2.jar:/home/zubbyik/.m2/repository/org/junit/jupiter/junit-jupiter-engine/5.7.2/junit-jupiter-engine-5.7.2.jar:/home/zubbyik/.m2/repository/org/junit/platform/junit-platform-engine/1.7.2/junit-platform-engine-1.7.2.jar:"/>
    <property name="java.vm.vendor" value="Ubuntu"/>
    <property name="sun.arch.data.model" value="64"/>
    <property name="java.vendor.url" value="https://ubuntu.com/"/>
    <property name="user.timezone" value=""/>
    <property name="java.vm.specification.version" value="11"/>
    <property name="os.name" value="Linux"/>
    <property name="sun.java.launcher" value="SUN_STANDARD"/>
    <property name="user.country" value="NG"/>
    <property name="sun.boot.library.path" value="/usr/lib/jvm/java-11-openjdk-amd64/lib"/>
    <property name="sun.java.command" value="/home/zubbyik/dev/testing-projects/gradle/java_groovy/target/surefire/surefirebooter6952558730208384653.jar /home/zubbyik/dev/testing-projects/gradle/java_groovy/target/surefire 2021-08-12T22-42-06_716-jvmRun1 surefire13507429409311067846tmp surefire_016779484803944916476tmp"/>
    <property name="jdk.debug" value="release"/>
    <property name="surefire.test.class.path" value="/home/zubbyik/dev/testing-projects/gradle/java_groovy/target/test-classes:/home/zubbyik/dev/testing-projects/gradle/java_groovy/target/classes:/home/zubbyik/.m2/repository/com/microsoft/playwright/playwright/1.9.0-alpha-0/playwright-1.9.0-alpha-0.jar:/home/zubbyik/.m2/repository/com/google/code/gson/gson/2.8.6/gson-2.8.6.jar:/home/zubbyik/.m2/repository/org/java-websocket/Java-WebSocket/1.5.1/Java-WebSocket-1.5.1.jar:/home/zubbyik/.m2/repository/org/slf4j/slf4j-api/1.7.25/slf4j-api-1.7.25.jar:/home/zubbyik/.m2/repository/com/microsoft/playwright/driver/1.9.0-alpha-0/driver-1.9.0-alpha-0.jar:/home/zubbyik/.m2/repository/com/microsoft/playwright/driver-bundle/1.9.0-alpha-0/driver-bundle-1.9.0-alpha-0.jar:/home/zubbyik/.m2/repository/org/junit/jupiter/junit-jupiter-api/5.7.2/junit-jupiter-api-5.7.2.jar:/home/zubbyik/.m2/repository/org/apiguardian/apiguardian-api/1.1.0/apiguardian-api-1.1.0.jar:/home/zubbyik/.m2/repository/org/opentest4j/opentest4j/1.2.0/opentest4j-1.2.0.jar:/home/zubbyik/.m2/repository/org/junit/platform/junit-platform-commons/1.7.2/junit-platform-commons-1.7.2.jar:/home/zubbyik/.m2/repository/org/junit/jupiter/junit-jupiter-engine/5.7.2/junit-jupiter-engine-5.7.2.jar:/home/zubbyik/.m2/repository/org/junit/platform/junit-platform-engine/1.7.2/junit-platform-engine-1.7.2.jar:"/>
    <property name="sun.cpu.endian" value="little"/>
    <property name="user.home" value="/home/zubbyik"/>
    <property name="user.language" value="en"/>
    <property name="java.specification.vendor" value="Oracle Corporation"/>
    <property name="java.version.date" value="2021-04-20"/>
    <property name="java.home" value="/usr/lib/jvm/java-11-openjdk-amd64"/>
    <property name="file.separator" value="/"/>
    <property name="basedir" value="/home/zubbyik/dev/testing-projects/gradle/java_groovy"/>
    <property name="java.vm.compressedOopsMode" value="32-bit"/>
    <property name="line.separator" value="&#10;"/>
    <property name="java.specification.name" value="Java Platform API Specification"/>
    <property name="java.vm.specification.vendor" value="Oracle Corporation"/>
    <property name="java.awt.graphicsenv" value="sun.awt.X11GraphicsEnvironment"/>
    <property name="surefire.real.class.path" value="/home/zubbyik/dev/testing-projects/gradle/java_groovy/target/surefire/surefirebooter6952558730208384653.jar"/>
    <property name="sun.management.compiler" value="HotSpot 64-Bit Tiered Compilers"/>
    <property name="java.runtime.version" value="11.0.11+9-Ubuntu-0ubuntu2.20.04"/>
    <property name="user.name" value="zubbyik"/>
    <property name="path.separator" value=":"/>
    <property name="os.version" value="5.4.0-80-generic"/>
    <property name="java.runtime.name" value="OpenJDK Runtime Environment"/>
    <property name="file.encoding" value="UTF-8"/>
    <property name="java.vm.name" value="OpenJDK 64-Bit Server VM"/>
    <property name="localRepository" value="/home/zubbyik/.m2/repository"/>
    <property name="java.vendor.url.bug" value="https://bugs.launchpad.net/ubuntu/+source/openjdk-lts"/>
    <property name="java.io.tmpdir" value="/tmp"/>
    <property name="java.version" value="11.0.11"/>
    <property name="user.dir" value="/home/zubbyik/dev/testing-projects/gradle/java_groovy"/>
    <property name="os.arch" value="amd64"/>
    <property name="java.vm.specification.name" value="Java Virtual Machine Specification"/>
    <property name="java.awt.printerjob" value="sun.print.PSPrinterJob"/>
    <property name="sun.os.patch.level" value="unknown"/>
    <property name="java.library.path" value="/usr/java/packages/lib:/usr/lib/x86_64-linux-gnu/jni:/lib/x86_64-linux-gnu:/usr/lib/x86_64-linux-gnu:/usr/lib/jni:/lib:/usr/lib"/>
    <property name="java.vm.info" value="mixed mode, sharing"/>
    <property name="java.vendor" value="Ubuntu"/>
    <property name="java.vm.version" value="11.0.11+9-Ubuntu-0ubuntu2.20.04"/>
    <property name="sun.io.unicode.encoding" value="UnicodeLittle"/>
    <property name="java.class.version" value="55.0"/>
  </properties>
  <testcase name="shouldCheckTheBox" classname="learn.tut.Web2Test" time="1.089"/>
  <testcase name="shouldClickButton" classname="learn.tut.Web2Test" time="0.46"/>
  <testcase name="shouldSearchWiki" classname="learn.tut.Web2Test" time="4.67"/>
</testsuite>